<?xml version="1.0" encoding="UTF-8"?>
<!-- Generated by org.testng.reporters.JUnitReportReporter -->
<testsuite hostname="Nishikant_Ravekar" name="Default1.linkall" tests="1" failures="0" timestamp="29 Aug 2016 10:26:12 GMT" time="85.298" errors="0">
  <testcase name="validateInvalidLinks" time="85.298" classname="Default1.linkall"/>
</testsuite> <!-- Default1.linkall -->
