<?xml version="1.0" encoding="UTF-8"?>
<!-- Generated by org.testng.reporters.JUnitReportReporter -->
<testsuite hostname="Nishikant_Ravekar" name="Default1.error_page" tests="1" failures="0" timestamp="29 Aug 2016 08:59:15 GMT" time="47.024" errors="0">
  <testcase name="validateInvalidLinks" time="47.024" classname="Default1.error_page"/>
</testsuite> <!-- Default1.error_page -->
